Engine-Match 17 December 2021 17:12:54
 Tournament Game in 5 Minutes 

Pairing 1/1 :    New engine  -  K2 64 Bit

PGN-File: /home/prabkat69420/Tournaments/Arena.pgn

No:  B/W 1/2     W:B       1:2           Time        Value Moves Dep 1:2       1-2-Draws

--------------------------------------------------------------

Engine-Match 17 December 2021 17:15:53
 Tournament Game in 5 Minutes 

Pairing 1/1 :    New engine [001]  -  Senpai BMI2

PGN-File: /home/prabkat69420/Tournaments/Arena.pgn

No:  B/W 1/2     W:B       1:2           Time        Value Moves Dep 1:2       1-2-Draws

--------------------------------------------------------------

Engine-Match 17 December 2021 17:21:27
 Tournament Game in 5 Minutes 

Pairing 1/1 :    Stockfish 10 64 Bit bmi 2  -  Stockfish 10 64 Bit Modern

PGN-File: /home/prabkat69420/Tournaments/Arena.pgn

No:  B/W 1/2     W:B       1:2           Time        Value Moves Dep 1:2       1-2-Draws

--------------------------------------------------------------

Engine-Match 17 December 2021 18:01:58
 Tournament Game in 5 Minutes 

Pairing 1/1 :    Stockfish 10 64 Bit Modern  -  AlanFish

PGN-File: /home/prabkat69420/Tournaments/Arena.pgn

No:  B/W 1/2     W:B       1:2           Time        Value Moves Dep 1:2       1-2-Draws
